<?xml version="1.0" encoding="UTF-8"?>
<!-- Generated by org.testng.reporters.JUnitXMLReporter -->
<testsuite hostname="MADNESS" name="Test" tests="3" failures="0" timestamp="14 May 2017 02:26:27 GMT" time="27.057" errors="0">
  <testcase name="testcase" time="0.628" classname="testcase.TestPageObjectModel"/>
  <testcase name="findElemnt" time="20.96" classname="testcase.TestWebElement2"/>
  <testcase name="verifySearchButton" time="2.455" classname="com.mavenproject.LoadTest01"/>
</testsuite> <!-- Test -->
