<?xml version="1.0" encoding="UTF-8"?>
<testng-results skipped="0" failed="0" total="2" passed="2">
  <reporter-output>
  </reporter-output>
  <suite name="Suite" duration-ms="31124" started-at="2017-05-12T17:01:26Z" finished-at="2017-05-12T17:01:57Z">
    <groups>
    </groups>
    <test name="Test" duration-ms="31124" started-at="2017-05-12T17:01:26Z" finished-at="2017-05-12T17:01:57Z">
      <class name="testcase.TestWebElement2">
        <test-method status="PASS" signature="setUp()[pri:0, instance:testcase.TestWebElement2@7a79be86]" name="setUp" is-config="true" duration-ms="20511" started-at="2017-05-12T14:01:05Z" finished-at="2017-05-12T14:01:26Z">
          <reporter-output>
          </reporter-output>
        </test-method> <!-- setUp -->
        <test-method status="PASS" signature="findElemnt()[pri:0, instance:testcase.TestWebElement2@7a79be86]" name="findElemnt" duration-ms="20951" started-at="2017-05-12T14:01:26Z" finished-at="2017-05-12T14:01:47Z">
          <reporter-output>
          </reporter-output>
        </test-method> <!-- findElemnt -->
      </class> <!-- testcase.TestWebElement2 -->
      <class name="com.mavenproject.LoadTest01">
        <test-method status="PASS" signature="beforeClass()[pri:0, instance:com.mavenproject.LoadTest01@34ce8af7]" name="beforeClass" is-config="true" duration-ms="3181" started-at="2017-05-12T14:01:47Z" finished-at="2017-05-12T14:01:50Z">
          <reporter-output>
          </reporter-output>
        </test-method> <!-- beforeClass -->
        <test-method status="PASS" signature="verifySearchButton()[pri:0, instance:com.mavenproject.LoadTest01@34ce8af7]" name="verifySearchButton" duration-ms="6973" started-at="2017-05-12T14:01:50Z" finished-at="2017-05-12T14:01:57Z">
          <reporter-output>
          </reporter-output>
        </test-method> <!-- verifySearchButton -->
      </class> <!-- com.mavenproject.LoadTest01 -->
    </test> <!-- Test -->
  </suite> <!-- Suite -->
</testng-results>
