<?xml version="1.0" encoding="UTF-8"?>
<testsuite name="TestSuite" time="2.543" tests="1" errors="0" skipped="0" failures="1">
  <properties>
[...]
</properties>
  <testcase name="verifySearchButton" classname="com.mavenproject.LoadTest01" time="2.543">
    <failure message="Text not found! expected [Buscar  Google] but found [Buscar con Google]" type="java.lang.AssertionError">java.lang.AssertionError: Text not found! expected [Buscar  Google] but found [Buscar con Google]
	at org.testng.Assert.fail(Assert.java:94)
	at org.testng.Assert.failNotEquals(Assert.java:513)
	at org.testng.Assert.assertEqualsImpl(Assert.java:135)
	at org.testng.Assert.assertEquals(Assert.java:116)
	at org.testng.Assert.assertEquals(Assert.java:190)
	at com.mavenproject.LoadTest01.verifySearchButton(LoadTest01.java:48)
</failure>
    <system-out><![CDATA[[TestNGContentHandler] [WARN] It is strongly recommended to add "<!DOCTYPE suite SYSTEM "http://testng.org/testng-1.0.dtd" >" at the top of your file, otherwise TestNG may fail or not work as expected.
starting est
closing est
]]></system-out>
  </testcase>
</testsuite>