<?xml version="1.0" encoding="UTF-8"?>
<testng-results skipped="0" failed="0" total="2" passed="2">
  <reporter-output>
  </reporter-output>
  <suite name="Scenario1" duration-ms="38578" started-at="2017-05-14T14:04:06Z" finished-at="2017-05-14T14:04:45Z">
    <groups>
    </groups>
    <test name="Scenario1" duration-ms="38341" started-at="2017-05-14T14:04:06Z" finished-at="2017-05-14T14:04:44Z">
      <class name="testcase.testsacue">
        <test-method status="PASS" signature="testLogin2()[pri:0, instance:testcase.testsacue@48140564]" name="testLogin2" duration-ms="38328" started-at="2017-05-14T11:04:06Z" finished-at="2017-05-14T11:04:44Z">
          <reporter-output>
          </reporter-output>
        </test-method> <!-- testLogin2 -->
      </class> <!-- testcase.testsacue -->
    </test> <!-- Scenario1 -->
    <test name="Scenario2" duration-ms="38578" started-at="2017-05-14T14:04:06Z" finished-at="2017-05-14T14:04:45Z">
      <class name="testcase.testsacue">
        <test-method status="PASS" signature="testLogin2()[pri:0, instance:testcase.testsacue@7e0ea639]" name="testLogin2" duration-ms="38567" started-at="2017-05-14T11:04:06Z" finished-at="2017-05-14T11:04:45Z">
          <reporter-output>
          </reporter-output>
        </test-method> <!-- testLogin2 -->
      </class> <!-- testcase.testsacue -->
    </test> <!-- Scenario2 -->
  </suite> <!-- Scenario1 -->
</testng-results>
