<?xml version="1.0" encoding="UTF-8"?>
<testng-results skipped="2" failed="0" total="2" passed="0">
  <reporter-output>
  </reporter-output>
  <suite name="Suite" duration-ms="26" started-at="2017-05-12T16:59:49Z" finished-at="2017-05-12T16:59:49Z">
    <groups>
    </groups>
    <test name="Test" duration-ms="26" started-at="2017-05-12T16:59:49Z" finished-at="2017-05-12T16:59:49Z">
      <class name="testcase.TestWebElement2">
        <test-method status="FAIL" signature="setUp()[pri:0, instance:testcase.TestWebElement2@5b275dab]" name="setUp" is-config="true" duration-ms="0" started-at="2017-05-12T13:59:49Z" finished-at="2017-05-12T13:59:49Z">
          <exception class="java.lang.Error">
            <message>
              <![CDATA[Unresolved compilation problems: 
	The method getResourceAsStream(String) in the type ClassLoader is not applicable for the arguments (String, String)
	Syntax error on token ")", delete this token
	Syntax error on token ")", delete this token
]]>
            </message>
            <full-stacktrace>
              <![CDATA[java.lang.Error: Unresolved compilation problems: 
	The method getResourceAsStream(String) in the type ClassLoader is not applicable for the arguments (String, String)
	Syntax error on token ")", delete this token
	Syntax error on token ")", delete this token

	at helper.ReadConfigProperty.<init>(ReadConfigProperty.java:16)
	at helper.StartWebDriver.setUp(StartWebDriver.java:24)
	at sun.reflect.NativeMethodAccessorImpl.invoke0(Native Method)
	at sun.reflect.NativeMethodAccessorImpl.invoke(NativeMethodAccessorImpl.java:62)
	at sun.reflect.DelegatingMethodAccessorImpl.invoke(DelegatingMethodAccessorImpl.java:43)
	at java.lang.reflect.Method.invoke(Method.java:498)
	at org.testng.internal.MethodInvocationHelper.invokeMethod(MethodInvocationHelper.java:86)
	at org.testng.internal.Invoker.invokeConfigurationMethod(Invoker.java:514)
	at org.testng.internal.Invoker.invokeConfigurations(Invoker.java:215)
	at org.testng.internal.Invoker.invokeConfigurations(Invoker.java:142)
	at org.testng.SuiteRunner.privateRun(SuiteRunner.java:305)
	at org.testng.SuiteRunner.run(SuiteRunner.java:268)
	at org.testng.SuiteRunnerWorker.runSuite(SuiteRunnerWorker.java:52)
	at org.testng.SuiteRunnerWorker.run(SuiteRunnerWorker.java:86)
	at org.testng.TestNG.runSuitesSequentially(TestNG.java:1244)
	at org.testng.TestNG.runSuitesLocally(TestNG.java:1169)
	at org.testng.TestNG.run(TestNG.java:1064)
	at org.testng.remote.AbstractRemoteTestNG.run(AbstractRemoteTestNG.java:132)
	at org.testng.remote.RemoteTestNG.initAndRun(RemoteTestNG.java:230)
	at org.testng.remote.RemoteTestNG.main(RemoteTestNG.java:76)
]]>
            </full-stacktrace>
          </exception> <!-- java.lang.Error -->
          <reporter-output>
          </reporter-output>
        </test-method> <!-- setUp -->
        <test-method status="SKIP" signature="findElemnt()[pri:0, instance:testcase.TestWebElement2@5b275dab]" name="findElemnt" duration-ms="1" started-at="2017-05-12T13:59:49Z" finished-at="2017-05-12T13:59:49Z">
          <reporter-output>
          </reporter-output>
        </test-method> <!-- findElemnt -->
      </class> <!-- testcase.TestWebElement2 -->
      <class name="com.mavenproject.LoadTest01">
        <test-method status="SKIP" signature="beforeClass()[pri:0, instance:com.mavenproject.LoadTest01@61832929]" name="beforeClass" is-config="true" duration-ms="0" started-at="2017-05-12T13:59:49Z" finished-at="2017-05-12T13:59:49Z">
          <reporter-output>
          </reporter-output>
        </test-method> <!-- beforeClass -->
        <test-method status="SKIP" signature="verifySearchButton()[pri:0, instance:com.mavenproject.LoadTest01@61832929]" name="verifySearchButton" duration-ms="1" started-at="2017-05-12T13:59:49Z" finished-at="2017-05-12T13:59:49Z">
          <reporter-output>
          </reporter-output>
        </test-method> <!-- verifySearchButton -->
      </class> <!-- com.mavenproject.LoadTest01 -->
    </test> <!-- Test -->
  </suite> <!-- Suite -->
</testng-results>
