<?xml version="1.0" encoding="UTF-8"?>
<testng-results skipped="0" failed="0" total="2" passed="2">
  <reporter-output>
  </reporter-output>
  <suite name="Suite" duration-ms="31855" started-at="2017-05-12T16:30:59Z" finished-at="2017-05-12T16:31:31Z">
    <groups>
    </groups>
    <test name="Test" duration-ms="31855" started-at="2017-05-12T16:30:59Z" finished-at="2017-05-12T16:31:31Z">
      <class name="testcase.TestWebElement2">
        <test-method status="PASS" signature="setUp()[pri:0, instance:testcase.TestWebElement2@5b275dab]" name="setUp" is-config="true" duration-ms="10294" started-at="2017-05-12T13:30:49Z" finished-at="2017-05-12T13:30:59Z">
          <reporter-output>
          </reporter-output>
        </test-method> <!-- setUp -->
        <test-method status="PASS" signature="findElemnt()[pri:0, instance:testcase.TestWebElement2@5b275dab]" name="findElemnt" duration-ms="21647" started-at="2017-05-12T13:30:59Z" finished-at="2017-05-12T13:31:21Z">
          <reporter-output>
          </reporter-output>
        </test-method> <!-- findElemnt -->
      </class> <!-- testcase.TestWebElement2 -->
      <class name="com.mavenproject.LoadTest01">
        <test-method status="PASS" signature="beforeClass()[pri:0, instance:com.mavenproject.LoadTest01@61832929]" name="beforeClass" is-config="true" duration-ms="4109" started-at="2017-05-12T13:31:21Z" finished-at="2017-05-12T13:31:25Z">
          <reporter-output>
          </reporter-output>
        </test-method> <!-- beforeClass -->
        <test-method status="PASS" signature="verifySearchButton()[pri:0, instance:com.mavenproject.LoadTest01@61832929]" name="verifySearchButton" duration-ms="6074" started-at="2017-05-12T13:31:25Z" finished-at="2017-05-12T13:31:31Z">
          <reporter-output>
          </reporter-output>
        </test-method> <!-- verifySearchButton -->
      </class> <!-- com.mavenproject.LoadTest01 -->
    </test> <!-- Test -->
  </suite> <!-- Suite -->
</testng-results>
